WannaLetYouGoive: http://www.midiworld.com/download/14
YaGettinDownive: http://www.midiworld.com/download/15
OnMovingive: http://www.midiworld.com/download/16
DunkDaFunkive: http://www.midiworld.com/download/17
TheTimeIsThroughive: http://www.midiworld.com/download/18
GotTheFeelinive: http://www.midiworld.com/download/19
MyGirlsAt: http://www.midiworld.com/download/20
DoCherishYouDegrees: http://www.midiworld.com/download/21
HardestThingDegrees: http://www.midiworld.com/download/22
MiaATeens: http://www.midiworld.com/download/23
TrouperATeens: http://www.midiworld.com/download/24
YouThatSomebodyAaliyah: http://www.midiworld.com/download/25
AgainAaliyah: http://www.midiworld.com/download/26
ABBA: http://www.midiworld.com/download/40
QueenABBA: http://www.midiworld.com/download/29
GimmeGimmeABBA: http://www.midiworld.com/download/31
MeKnowingYouABBA: http://www.midiworld.com/download/32
MoneyMoneyABBA: http://www.midiworld.com/download/33
oftheGameABBA: http://www.midiworld.com/download/34
TrouperABBA: http://www.midiworld.com/download/36
AChanceOnMeABBA: http://www.midiworld.com/download/37
YoufortheMusicABBA: http://www.midiworld.com/download/38
WinnerTakesItAllABBA: http://www.midiworld.com/download/39
ThatSheWantsAceofBase: http://www.midiworld.com/download/41
HaveAlwaysWillAceofBase: http://www.midiworld.com/download/42
LifeAceofBase: http://www.midiworld.com/download/43
WannaLetYouGoive: http://www.midiworld.com/download/14
YaGettinDownive: http://www.midiworld.com/download/15
OnMovingive: http://www.midiworld.com/download/16
DunkDaFunkive: http://www.midiworld.com/download/17
TheTimeIsThroughive: http://www.midiworld.com/download/18
GotTheFeelinive: http://www.midiworld.com/download/19
MyGirlsAt: http://www.midiworld.com/download/20
DoCherishYouDegrees: http://www.midiworld.com/download/21
HardestThingDegrees: http://www.midiworld.com/download/22
MiaATeens: http://www.midiworld.com/download/23
TrouperATeens: http://www.midiworld.com/download/24
YouThatSomebodyAaliyah: http://www.midiworld.com/download/25
AgainAaliyah: http://www.midiworld.com/download/26
ABBA: http://www.midiworld.com/download/40
QueenABBA: http://www.midiworld.com/download/29
GimmeGimmeABBA: http://www.midiworld.com/download/31
MeKnowingYouABBA: http://www.midiworld.com/download/32
MoneyMoneyABBA: http://www.midiworld.com/download/33
oftheGameABBA: http://www.midiworld.com/download/34
TrouperABBA: http://www.midiworld.com/download/36
AChanceOnMeABBA: http://www.midiworld.com/download/37
YoufortheMusicABBA: http://www.midiworld.com/download/38
WinnerTakesItAllABBA: http://www.midiworld.com/download/39
ThatSheWantsAceofBase: http://www.midiworld.com/download/41
HaveAlwaysWillAceofBase: http://www.midiworld.com/download/42
LifeAceofBase: http://www.midiworld.com/download/43
TurnAroundAceofBase: http://www.midiworld.com/download/44
SignAceofBase: http://www.midiworld.com/download/45
AngelAlanODay: http://www.midiworld.com/download/46
VelvetAlannahMyles: http://www.midiworld.com/download/47
SwearAllOne: http://www.midiworld.com/download/48
CallAllSaints: http://www.midiworld.com/download/49
KnowWhereItsAtAllSaints: http://www.midiworld.com/download/50
MarmeladeAllSaints: http://www.midiworld.com/download/51
EverAllSaints: http://www.midiworld.com/download/52
MuddahHelloFadduhAllanSherman: http://www.midiworld.com/download/53
CriedOutAllure: http://www.midiworld.com/download/54
ChristSuperstarAndrewLloydWebber: http://www.midiworld.com/download/55
oftheOperaAndrewLloydWebber: http://www.midiworld.com/download/56
AnneMurray: http://www.midiworld.com/download/57
NeededMeAnneMurray: http://www.midiworld.com/download/58
MeAnotherLevel: http://www.midiworld.com/download/59
WantYouForMyselfAnotherLevel: http://www.midiworld.com/download/60
GirlAqua: http://www.midiworld.com/download/61
CandyManAqua: http://www.midiworld.com/download/62
OhMyAqua: http://www.midiworld.com/download/63
CadillacArethaFranklin: http://www.midiworld.com/download/64
ArethaFranklin: http://www.midiworld.com/download/66
MakeMeFeelLikeaNaturalWomanArethaFranklin: http://www.midiworld.com/download/67
ComesMaryTheAssociation: http://www.midiworld.com/download/68
MyLoveTheAssociation: http://www.midiworld.com/download/69
TheAssociation: http://www.midiworld.com/download/70
HereBBMak: http://www.midiworld.com/download/71
onaFeelingBJThomas: http://www.midiworld.com/download/72
KeepFallingBJThomas: http://www.midiworld.com/download/73
WannaLetYouGoive: http://www.midiworld.com/download/14
YaGettinDownive: http://www.midiworld.com/download/15
OnMovingive: http://www.midiworld.com/download/16
DunkDaFunkive: http://www.midiworld.com/download/17
TheTimeIsThroughive: http://www.midiworld.com/download/18
GotTheFeelinive: http://www.midiworld.com/download/19
MyGirlsAt: http://www.midiworld.com/download/20
DoCherishYouDegrees: http://www.midiworld.com/download/21
HardestThingDegrees: http://www.midiworld.com/download/22
MiaATeens: http://www.midiworld.com/download/23
TrouperATeens: http://www.midiworld.com/download/24
YouThatSomebodyAaliyah: http://www.midiworld.com/download/25
AgainAaliyah: http://www.midiworld.com/download/26
ABBA: http://www.midiworld.com/download/40
QueenABBA: http://www.midiworld.com/download/29
GimmeGimmeABBA: http://www.midiworld.com/download/31
MeKnowingYouABBA: http://www.midiworld.com/download/32
MoneyMoneyABBA: http://www.midiworld.com/download/33
oftheGameABBA: http://www.midiworld.com/download/34
TrouperABBA: http://www.midiworld.com/download/36
AChanceOnMeABBA: http://www.midiworld.com/download/37
YoufortheMusicABBA: http://www.midiworld.com/download/38
WinnerTakesItAllABBA: http://www.midiworld.com/download/39
ThatSheWantsAceofBase: http://www.midiworld.com/download/41
HaveAlwaysWillAceofBase: http://www.midiworld.com/download/42
LifeAceofBase: http://www.midiworld.com/download/43
TurnAroundAceofBase: http://www.midiworld.com/download/44
SignAceofBase: http://www.midiworld.com/download/45
AngelAlanODay: http://www.midiworld.com/download/46
VelvetAlannahMyles: http://www.midiworld.com/download/47
SwearAllOne: http://www.midiworld.com/download/48
CallAllSaints: http://www.midiworld.com/download/49
KnowWhereItsAtAllSaints: http://www.midiworld.com/download/50
MarmeladeAllSaints: http://www.midiworld.com/download/51
EverAllSaints: http://www.midiworld.com/download/52
MuddahHelloFadduhAllanSherman: http://www.midiworld.com/download/53
CriedOutAllure: http://www.midiworld.com/download/54
ChristSuperstarAndrewLloydWebber: http://www.midiworld.com/download/55
oftheOperaAndrewLloydWebber: http://www.midiworld.com/download/56
AnneMurray: http://www.midiworld.com/download/57
NeededMeAnneMurray: http://www.midiworld.com/download/58
MeAnotherLevel: http://www.midiworld.com/download/59
WantYouForMyselfAnotherLevel: http://www.midiworld.com/download/60
GirlAqua: http://www.midiworld.com/download/61
CandyManAqua: http://www.midiworld.com/download/62
OhMyAqua: http://www.midiworld.com/download/63
CadillacArethaFranklin: http://www.midiworld.com/download/64
ArethaFranklin: http://www.midiworld.com/download/66
MakeMeFeelLikeaNaturalWomanArethaFranklin: http://www.midiworld.com/download/67
ComesMaryTheAssociation: http://www.midiworld.com/download/68
MyLoveTheAssociation: http://www.midiworld.com/download/69
TheAssociation: http://www.midiworld.com/download/70
HereBBMak: http://www.midiworld.com/download/71
onaFeelingBJThomas: http://www.midiworld.com/download/72
KeepFallingBJThomas: http://www.midiworld.com/download/73
ItOnTheWeathermanBWitched: http://www.midiworld.com/download/74
LaVieBWitched: http://www.midiworld.com/download/75
HoldOnBWitched: http://www.midiworld.com/download/76
DownBWitched: http://www.midiworld.com/download/77
GoBWitched: http://www.midiworld.com/download/78
YouIBelongBWitched: http://www.midiworld.com/download/79
theWorldBabyface: http://www.midiworld.com/download/80
TimeICloseMyEyesBabyface: http://www.midiworld.com/download/81
DayBabyface: http://www.midiworld.com/download/82
CanISeeYouAgainBabyface: http://www.midiworld.com/download/83
PromisesBackstreetBoys: http://www.midiworld.com/download/84
IHavetoGiveBackstreetBoys: http://www.midiworld.com/download/85
forYouBackstreetBoys: http://www.midiworld.com/download/86
LongAsYouLoveMeBackstreetBoys: http://www.midiworld.com/download/87
toYourHeartBackstreetBoys: http://www.midiworld.com/download/88
BackstreetBoys: http://www.midiworld.com/download/89
NeedYouTonightBackstreetBoys: http://www.midiworld.com/download/90
WantItThatWayBackstreetBoys: http://www.midiworld.com/download/91
NeverBreakYourHeartBackstreetBoys: http://www.midiworld.com/download/92
ThanLifeBackstreetBoys: http://www.midiworld.com/download/93
theMusicHealYourSoulBackstreetBoys: http://www.midiworld.com/download/94
AChildBackstreetBoys: http://www.midiworld.com/download/95
HeartStaysWithYouBackstreetBoys: http://www.midiworld.com/download/96
OneElseComesCloseBackstreetBoys: http://www.midiworld.com/download/97
PlayingGamesWithMyHeartBackstreetBoys: http://www.midiworld.com/download/98
ofMyHeartBackstreetBoys: http://www.midiworld.com/download/99
MetheMeaningBackstreetBoys: http://www.midiworld.com/download/100
OneBackstreetBoys: http://www.midiworld.com/download/101
GotItGoinOnBackstreetBoys: http://www.midiworld.com/download/102
FlameTheBangles: http://www.midiworld.com/download/103
WannaLetYouGoive: http://www.midiworld.com/download/14
YaGettinDownive: http://www.midiworld.com/download/15
OnMovingive: http://www.midiworld.com/download/16
DunkDaFunkive: http://www.midiworld.com/download/17
TheTimeIsThroughive: http://www.midiworld.com/download/18
GotTheFeelinive: http://www.midiworld.com/download/19
MyGirlsAt: http://www.midiworld.com/download/20
DoCherishYouDegrees: http://www.midiworld.com/download/21
HardestThingDegrees: http://www.midiworld.com/download/22
MiaATeens: http://www.midiworld.com/download/23
TrouperATeens: http://www.midiworld.com/download/24
YouThatSomebodyAaliyah: http://www.midiworld.com/download/25
AgainAaliyah: http://www.midiworld.com/download/26
ABBA: http://www.midiworld.com/download/40
QueenABBA: http://www.midiworld.com/download/29
GimmeGimmeABBA: http://www.midiworld.com/download/31
MeKnowingYouABBA: http://www.midiworld.com/download/32
MoneyMoneyABBA: http://www.midiworld.com/download/33
oftheGameABBA: http://www.midiworld.com/download/34
TrouperABBA: http://www.midiworld.com/download/36
AChanceOnMeABBA: http://www.midiworld.com/download/37
YoufortheMusicABBA: http://www.midiworld.com/download/38
WinnerTakesItAllABBA: http://www.midiworld.com/download/39
ThatSheWantsAceofBase: http://www.midiworld.com/download/41
HaveAlwaysWillAceofBase: http://www.midiworld.com/download/42
LifeAceofBase: http://www.midiworld.com/download/43
TurnAroundAceofBase: http://www.midiworld.com/download/44
SignAceofBase: http://www.midiworld.com/download/45
AngelAlanODay: http://www.midiworld.com/download/46
VelvetAlannahMyles: http://www.midiworld.com/download/47
SwearAllOne: http://www.midiworld.com/download/48
CallAllSaints: http://www.midiworld.com/download/49
KnowWhereItsAtAllSaints: http://www.midiworld.com/download/50
MarmeladeAllSaints: http://www.midiworld.com/download/51
EverAllSaints: http://www.midiworld.com/download/52
MuddahHelloFadduhAllanSherman: http://www.midiworld.com/download/53
CriedOutAllure: http://www.midiworld.com/download/54
ChristSuperstarAndrewLloydWebber: http://www.midiworld.com/download/55
oftheOperaAndrewLloydWebber: http://www.midiworld.com/download/56
AnneMurray: http://www.midiworld.com/download/57
NeededMeAnneMurray: http://www.midiworld.com/download/58
MeAnotherLevel: http://www.midiworld.com/download/59
WantYouForMyselfAnotherLevel: http://www.midiworld.com/download/60
GirlAqua: http://www.midiworld.com/download/61
CandyManAqua: http://www.midiworld.com/download/62
OhMyAqua: http://www.midiworld.com/download/63
CadillacArethaFranklin: http://www.midiworld.com/download/64
ArethaFranklin: http://www.midiworld.com/download/66
MakeMeFeelLikeaNaturalWomanArethaFranklin: http://www.midiworld.com/download/67
ComesMaryTheAssociation: http://www.midiworld.com/download/68
MyLoveTheAssociation: http://www.midiworld.com/download/69
TheAssociation: http://www.midiworld.com/download/70
HereBBMak: http://www.midiworld.com/download/71
onaFeelingBJThomas: http://www.midiworld.com/download/72
KeepFallingBJThomas: http://www.midiworld.com/download/73
ItOnTheWeathermanBWitched: http://www.midiworld.com/download/74
LaVieBWitched: http://www.midiworld.com/download/75
HoldOnBWitched: http://www.midiworld.com/download/76
DownBWitched: http://www.midiworld.com/download/77
GoBWitched: http://www.midiworld.com/download/78
YouIBelongBWitched: http://www.midiworld.com/download/79
theWorldBabyface: http://www.midiworld.com/download/80
TimeICloseMyEyesBabyface: http://www.midiworld.com/download/81
DayBabyface: http://www.midiworld.com/download/82
CanISeeYouAgainBabyface: http://www.midiworld.com/download/83
PromisesBackstreetBoys: http://www.midiworld.com/download/84
IHavetoGiveBackstreetBoys: http://www.midiworld.com/download/85
forYouBackstreetBoys: http://www.midiworld.com/download/86
LongAsYouLoveMeBackstreetBoys: http://www.midiworld.com/download/87
toYourHeartBackstreetBoys: http://www.midiworld.com/download/88
BackstreetBoys: http://www.midiworld.com/download/89
NeedYouTonightBackstreetBoys: http://www.midiworld.com/download/90
WantItThatWayBackstreetBoys: http://www.midiworld.com/download/91
NeverBreakYourHeartBackstreetBoys: http://www.midiworld.com/download/92
ThanLifeBackstreetBoys: http://www.midiworld.com/download/93
theMusicHealYourSoulBackstreetBoys: http://www.midiworld.com/download/94
AChildBackstreetBoys: http://www.midiworld.com/download/95
HeartStaysWithYouBackstreetBoys: http://www.midiworld.com/download/96
OneElseComesCloseBackstreetBoys: http://www.midiworld.com/download/97
PlayingGamesWithMyHeartBackstreetBoys: http://www.midiworld.com/download/98
ofMyHeartBackstreetBoys: http://www.midiworld.com/download/99
MetheMeaningBackstreetBoys: http://www.midiworld.com/download/100
OneBackstreetBoys: http://www.midiworld.com/download/101
GotItGoinOnBackstreetBoys: http://www.midiworld.com/download/102
FlameTheBangles: http://www.midiworld.com/download/103
ShadeofWinterTheBangles: http://www.midiworld.com/download/104
MondayTheBangles: http://www.midiworld.com/download/105
LikeAnEgyptianTheBangles: http://www.midiworld.com/download/106
WayWeWereBarbraStreisand: http://www.midiworld.com/download/107
InLoveBarbraStreisand: http://www.midiworld.com/download/108
WeekBarenakedLadies: http://www.midiworld.com/download/109
BoxBarenakedLadies: http://www.midiworld.com/download/110
OldApartmentBarenakedLadies: http://www.midiworld.com/download/111
BarryManilow: http://www.midiworld.com/download/114
NowBarryManilow: http://www.midiworld.com/download/113
CanYouMendaBrokenHeartBeeGees: http://www.midiworld.com/download/115
DeepIsYourLoveBeeGees: http://www.midiworld.com/download/116
JustWanttoBeYourEverythingBeeGees: http://www.midiworld.com/download/117
StartedAJokeBeeGees: http://www.midiworld.com/download/118
TalkinBeeGees: http://www.midiworld.com/download/119
YouInsideOutBeeGees: http://www.midiworld.com/download/120
BeeGees: http://www.midiworld.com/download/130
ThanAWomanBeeGees: http://www.midiworld.com/download/123
FeverBeeGees: http://www.midiworld.com/download/124
OnBroadwayBeeGees: http://www.midiworld.com/download/125
AliveBeeGees: http://www.midiworld.com/download/126
LoveSomebodyBeeGees: http://www.midiworld.com/download/127
MuchHeavenBeeGees: http://www.midiworld.com/download/128
ShouldBeDancinBeeGees: http://www.midiworld.com/download/131
theSandBelindaCarlisle: http://www.midiworld.com/download/132
IsaPlaceonEarthBelindaCarlisle: http://www.midiworld.com/download/133
WannaLetYouGoive: http://www.midiworld.com/download/14
YaGettinDownive: http://www.midiworld.com/download/15
OnMovingive: http://www.midiworld.com/download/16
DunkDaFunkive: http://www.midiworld.com/download/17
TheTimeIsThroughive: http://www.midiworld.com/download/18
GotTheFeelinive: http://www.midiworld.com/download/19
MyGirlsAt: http://www.midiworld.com/download/20
DoCherishYouDegrees: http://www.midiworld.com/download/21
HardestThingDegrees: http://www.midiworld.com/download/22
MiaATeens: http://www.midiworld.com/download/23
TrouperATeens: http://www.midiworld.com/download/24
YouThatSomebodyAaliyah: http://www.midiworld.com/download/25
AgainAaliyah: http://www.midiworld.com/download/26
ABBA: http://www.midiworld.com/download/40
QueenABBA: http://www.midiworld.com/download/29
GimmeGimmeABBA: http://www.midiworld.com/download/31
MeKnowingYouABBA: http://www.midiworld.com/download/32
MoneyMoneyABBA: http://www.midiworld.com/download/33
oftheGameABBA: http://www.midiworld.com/download/34
TrouperABBA: http://www.midiworld.com/download/36
AChanceOnMeABBA: http://www.midiworld.com/download/37
YoufortheMusicABBA: http://www.midiworld.com/download/38
WinnerTakesItAllABBA: http://www.midiworld.com/download/39
ThatSheWantsAceofBase: http://www.midiworld.com/download/41
HaveAlwaysWillAceofBase: http://www.midiworld.com/download/42
LifeAceofBase: http://www.midiworld.com/download/43
TurnAroundAceofBase: http://www.midiworld.com/download/44
SignAceofBase: http://www.midiworld.com/download/45
AngelAlanODay: http://www.midiworld.com/download/46
VelvetAlannahMyles: http://www.midiworld.com/download/47
SwearAllOne: http://www.midiworld.com/download/48
CallAllSaints: http://www.midiworld.com/download/49
KnowWhereItsAtAllSaints: http://www.midiworld.com/download/50
MarmeladeAllSaints: http://www.midiworld.com/download/51
EverAllSaints: http://www.midiworld.com/download/52
MuddahHelloFadduhAllanSherman: http://www.midiworld.com/download/53
CriedOutAllure: http://www.midiworld.com/download/54
ChristSuperstarAndrewLloydWebber: http://www.midiworld.com/download/55
oftheOperaAndrewLloydWebber: http://www.midiworld.com/download/56
AnneMurray: http://www.midiworld.com/download/57
NeededMeAnneMurray: http://www.midiworld.com/download/58
MeAnotherLevel: http://www.midiworld.com/download/59
WantYouForMyselfAnotherLevel: http://www.midiworld.com/download/60
GirlAqua: http://www.midiworld.com/download/61
CandyManAqua: http://www.midiworld.com/download/62
OhMyAqua: http://www.midiworld.com/download/63
CadillacArethaFranklin: http://www.midiworld.com/download/64
ArethaFranklin: http://www.midiworld.com/download/66
MakeMeFeelLikeaNaturalWomanArethaFranklin: http://www.midiworld.com/download/67
ComesMaryTheAssociation: http://www.midiworld.com/download/68
MyLoveTheAssociation: http://www.midiworld.com/download/69
TheAssociation: http://www.midiworld.com/download/70
HereBBMak: http://www.midiworld.com/download/71
onaFeelingBJThomas: http://www.midiworld.com/download/72
KeepFallingBJThomas: http://www.midiworld.com/download/73
ItOnTheWeathermanBWitched: http://www.midiworld.com/download/74
LaVieBWitched: http://www.midiworld.com/download/75
HoldOnBWitched: http://www.midiworld.com/download/76
DownBWitched: http://www.midiworld.com/download/77
GoBWitched: http://www.midiworld.com/download/78
YouIBelongBWitched: http://www.midiworld.com/download/79
theWorldBabyface: http://www.midiworld.com/download/80
TimeICloseMyEyesBabyface: http://www.midiworld.com/download/81
DayBabyface: http://www.midiworld.com/download/82
CanISeeYouAgainBabyface: http://www.midiworld.com/download/83
PromisesBackstreetBoys: http://www.midiworld.com/download/84
IHavetoGiveBackstreetBoys: http://www.midiworld.com/download/85
forYouBackstreetBoys: http://www.midiworld.com/download/86
LongAsYouLoveMeBackstreetBoys: http://www.midiworld.com/download/87
toYourHeartBackstreetBoys: http://www.midiworld.com/download/88
BackstreetBoys: http://www.midiworld.com/download/89
NeedYouTonightBackstreetBoys: http://www.midiworld.com/download/90
WantItThatWayBackstreetBoys: http://www.midiworld.com/download/91
NeverBreakYourHeartBackstreetBoys: http://www.midiworld.com/download/92
ThanLifeBackstreetBoys: http://www.midiworld.com/download/93
theMusicHealYourSoulBackstreetBoys: http://www.midiworld.com/download/94
AChildBackstreetBoys: http://www.midiworld.com/download/95
HeartStaysWithYouBackstreetBoys: http://www.midiworld.com/download/96
OneElseComesCloseBackstreetBoys: http://www.midiworld.com/download/97
PlayingGamesWithMyHeartBackstreetBoys: http://www.midiworld.com/download/98
ofMyHeartBackstreetBoys: http://www.midiworld.com/download/99
MetheMeaningBackstreetBoys: http://www.midiworld.com/download/100
OneBackstreetBoys: http://www.midiworld.com/download/101
GotItGoinOnBackstreetBoys: http://www.midiworld.com/download/102
FlameTheBangles: http://www.midiworld.com/download/103
ShadeofWinterTheBangles: http://www.midiworld.com/download/104
MondayTheBangles: http://www.midiworld.com/download/105
LikeAnEgyptianTheBangles: http://www.midiworld.com/download/106
WayWeWereBarbraStreisand: http://www.midiworld.com/download/107
InLoveBarbraStreisand: http://www.midiworld.com/download/108
WeekBarenakedLadies: http://www.midiworld.com/download/109
BoxBarenakedLadies: http://www.midiworld.com/download/110
OldApartmentBarenakedLadies: http://www.midiworld.com/download/111
BarryManilow: http://www.midiworld.com/download/114
NowBarryManilow: http://www.midiworld.com/download/113
CanYouMendaBrokenHeartBeeGees: http://www.midiworld.com/download/115
DeepIsYourLoveBeeGees: http://www.midiworld.com/download/116
JustWanttoBeYourEverythingBeeGees: http://www.midiworld.com/download/117
StartedAJokeBeeGees: http://www.midiworld.com/download/118
TalkinBeeGees: http://www.midiworld.com/download/119
YouInsideOutBeeGees: http://www.midiworld.com/download/120
BeeGees: http://www.midiworld.com/download/130
ThanAWomanBeeGees: http://www.midiworld.com/download/123
FeverBeeGees: http://www.midiworld.com/download/124
OnBroadwayBeeGees: http://www.midiworld.com/download/125
AliveBeeGees: http://www.midiworld.com/download/126
LoveSomebodyBeeGees: http://www.midiworld.com/download/127
MuchHeavenBeeGees: http://www.midiworld.com/download/128
ShouldBeDancinBeeGees: http://www.midiworld.com/download/131
theSandBelindaCarlisle: http://www.midiworld.com/download/132
IsaPlaceonEarthBelindaCarlisle: http://www.midiworld.com/download/133
AboutYouBelindaCarlisle: http://www.midiworld.com/download/134
ByMeBenEKing: http://www.midiworld.com/download/135
BenFoldsFive: http://www.midiworld.com/download/136
LastNightinTownBenFoldsFive: http://www.midiworld.com/download/137
LargoBertieHiggins: http://www.midiworld.com/download/138
BetteMidler: http://www.midiworld.com/download/139
ADistanceBetteMidler: http://www.midiworld.com/download/140
RoseBetteMidler: http://www.midiworld.com/download/141
WindBeneathMyWingsBetteMidler: http://www.midiworld.com/download/142
NoSunshineBillWithers: http://www.midiworld.com/download/143
thetwoofusBillWithers: http://www.midiworld.com/download/144
onMeBillWithers: http://www.midiworld.com/download/145
TheRainBillieMyers: http://www.midiworld.com/download/146
BillyJoel: http://www.midiworld.com/download/158
ShotBillyJoel: http://www.midiworld.com/download/148
SaigonBillyJoel: http://www.midiworld.com/download/149
StillRockandRolltoMeBillyJoel: http://www.midiworld.com/download/151
theWayYouAreBillyJoel: http://www.midiworld.com/download/152
OutBillyJoel: http://www.midiworld.com/download/153
LifeBillyJoel: http://www.midiworld.com/download/154
YorkStateofMindBillyJoel: http://www.midiworld.com/download/155
theGoodDieYoungBillyJoel: http://www.midiworld.com/download/156
ManBillyJoel: http://www.midiworld.com/download/157
ofDreamsBillyJoel: http://www.midiworld.com/download/159
fromanItalianRestaurantBillyJoel: http://www.midiworld.com/download/160
AlwaysaWomantoMeBillyJoel: http://www.midiworld.com/download/161
GotaWayBillyJoel: http://www.midiworld.com/download/162
HerAboutItBillyJoel: http://www.midiworld.com/download/163
WannaLetYouGoive: http://www.midiworld.com/download/14
YaGettinDownive: http://www.midiworld.com/download/15
OnMovingive: http://www.midiworld.com/download/16
DunkDaFunkive: http://www.midiworld.com/download/17
TheTimeIsThroughive: http://www.midiworld.com/download/18
GotTheFeelinive: http://www.midiworld.com/download/19
MyGirlsAt: http://www.midiworld.com/download/20
DoCherishYouDegrees: http://www.midiworld.com/download/21
HardestThingDegrees: http://www.midiworld.com/download/22
MiaATeens: http://www.midiworld.com/download/23
TrouperATeens: http://www.midiworld.com/download/24
YouThatSomebodyAaliyah: http://www.midiworld.com/download/25
AgainAaliyah: http://www.midiworld.com/download/26
ABBA: http://www.midiworld.com/download/40
QueenABBA: http://www.midiworld.com/download/29
GimmeGimmeABBA: http://www.midiworld.com/download/31
MeKnowingYouABBA: http://www.midiworld.com/download/32
MoneyMoneyABBA: http://www.midiworld.com/download/33
oftheGameABBA: http://www.midiworld.com/download/34
TrouperABBA: http://www.midiworld.com/download/36
AChanceOnMeABBA: http://www.midiworld.com/download/37
YoufortheMusicABBA: http://www.midiworld.com/download/38
WinnerTakesItAllABBA: http://www.midiworld.com/download/39
ThatSheWantsAceofBase: http://www.midiworld.com/download/41
HaveAlwaysWillAceofBase: http://www.midiworld.com/download/42
LifeAceofBase: http://www.midiworld.com/download/43
TurnAroundAceofBase: http://www.midiworld.com/download/44
SignAceofBase: http://www.midiworld.com/download/45
AngelAlanODay: http://www.midiworld.com/download/46
VelvetAlannahMyles: http://www.midiworld.com/download/47
SwearAllOne: http://www.midiworld.com/download/48
CallAllSaints: http://www.midiworld.com/download/49
KnowWhereItsAtAllSaints: http://www.midiworld.com/download/50
MarmeladeAllSaints: http://www.midiworld.com/download/51
EverAllSaints: http://www.midiworld.com/download/52
MuddahHelloFadduhAllanSherman: http://www.midiworld.com/download/53
CriedOutAllure: http://www.midiworld.com/download/54
ChristSuperstarAndrewLloydWebber: http://www.midiworld.com/download/55
oftheOperaAndrewLloydWebber: http://www.midiworld.com/download/56
AnneMurray: http://www.midiworld.com/download/57
NeededMeAnneMurray: http://www.midiworld.com/download/58
MeAnotherLevel: http://www.midiworld.com/download/59
WantYouForMyselfAnotherLevel: http://www.midiworld.com/download/60
GirlAqua: http://www.midiworld.com/download/61
CandyManAqua: http://www.midiworld.com/download/62
OhMyAqua: http://www.midiworld.com/download/63
CadillacArethaFranklin: http://www.midiworld.com/download/64
ArethaFranklin: http://www.midiworld.com/download/66
MakeMeFeelLikeaNaturalWomanArethaFranklin: http://www.midiworld.com/download/67
ComesMaryTheAssociation: http://www.midiworld.com/download/68
MyLoveTheAssociation: http://www.midiworld.com/download/69
TheAssociation: http://www.midiworld.com/download/70
HereBBMak: http://www.midiworld.com/download/71
onaFeelingBJThomas: http://www.midiworld.com/download/72
KeepFallingBJThomas: http://www.midiworld.com/download/73
ItOnTheWeathermanBWitched: http://www.midiworld.com/download/74
LaVieBWitched: http://www.midiworld.com/download/75
HoldOnBWitched: http://www.midiworld.com/download/76
DownBWitched: http://www.midiworld.com/download/77
GoBWitched: http://www.midiworld.com/download/78
YouIBelongBWitched: http://www.midiworld.com/download/79
theWorldBabyface: http://www.midiworld.com/download/80
TimeICloseMyEyesBabyface: http://www.midiworld.com/download/81
DayBabyface: http://www.midiworld.com/download/82
CanISeeYouAgainBabyface: http://www.midiworld.com/download/83
PromisesBackstreetBoys: http://www.midiworld.com/download/84
IHavetoGiveBackstreetBoys: http://www.midiworld.com/download/85
forYouBackstreetBoys: http://www.midiworld.com/download/86
LongAsYouLoveMeBackstreetBoys: http://www.midiworld.com/download/87
toYourHeartBackstreetBoys: http://www.midiworld.com/download/88
BackstreetBoys: http://www.midiworld.com/download/89
NeedYouTonightBackstreetBoys: http://www.midiworld.com/download/90
WantItThatWayBackstreetBoys: http://www.midiworld.com/download/91
NeverBreakYourHeartBackstreetBoys: http://www.midiworld.com/download/92
ThanLifeBackstreetBoys: http://www.midiworld.com/download/93
theMusicHealYourSoulBackstreetBoys: http://www.midiworld.com/download/94
AChildBackstreetBoys: http://www.midiworld.com/download/95
HeartStaysWithYouBackstreetBoys: http://www.midiworld.com/download/96
OneElseComesCloseBackstreetBoys: http://www.midiworld.com/download/97
PlayingGamesWithMyHeartBackstreetBoys: http://www.midiworld.com/download/98
ofMyHeartBackstreetBoys: http://www.midiworld.com/download/99
MetheMeaningBackstreetBoys: http://www.midiworld.com/download/100
OneBackstreetBoys: http://www.midiworld.com/download/101
GotItGoinOnBackstreetBoys: http://www.midiworld.com/download/102
FlameTheBangles: http://www.midiworld.com/download/103
ShadeofWinterTheBangles: http://www.midiworld.com/download/104
MondayTheBangles: http://www.midiworld.com/download/105
LikeAnEgyptianTheBangles: http://www.midiworld.com/download/106
WayWeWereBarbraStreisand: http://www.midiworld.com/download/107
InLoveBarbraStreisand: http://www.midiworld.com/download/108
WeekBarenakedLadies: http://www.midiworld.com/download/109
BoxBarenakedLadies: http://www.midiworld.com/download/110
OldApartmentBarenakedLadies: http://www.midiworld.com/download/111
BarryManilow: http://www.midiworld.com/download/114
NowBarryManilow: http://www.midiworld.com/download/113
CanYouMendaBrokenHeartBeeGees: http://www.midiworld.com/download/115
DeepIsYourLoveBeeGees: http://www.midiworld.com/download/116
JustWanttoBeYourEverythingBeeGees: http://www.midiworld.com/download/117
StartedAJokeBeeGees: http://www.midiworld.com/download/118
TalkinBeeGees: http://www.midiworld.com/download/119
YouInsideOutBeeGees: http://www.midiworld.com/download/120
BeeGees: http://www.midiworld.com/download/130
ThanAWomanBeeGees: http://www.midiworld.com/download/123
FeverBeeGees: http://www.midiworld.com/download/124
OnBroadwayBeeGees: http://www.midiworld.com/download/125
AliveBeeGees: http://www.midiworld.com/download/126
LoveSomebodyBeeGees: http://www.midiworld.com/download/127
MuchHeavenBeeGees: http://www.midiworld.com/download/128
ShouldBeDancinBeeGees: http://www.midiworld.com/download/131
theSandBelindaCarlisle: http://www.midiworld.com/download/132
IsaPlaceonEarthBelindaCarlisle: http://www.midiworld.com/download/133
AboutYouBelindaCarlisle: http://www.midiworld.com/download/134
ByMeBenEKing: http://www.midiworld.com/download/135
BenFoldsFive: http://www.midiworld.com/download/136
LastNightinTownBenFoldsFive: http://www.midiworld.com/download/137
LargoBertieHiggins: http://www.midiworld.com/download/138
BetteMidler: http://www.midiworld.com/download/139
ADistanceBetteMidler: http://www.midiworld.com/download/140
RoseBetteMidler: http://www.midiworld.com/download/141
WindBeneathMyWingsBetteMidler: http://www.midiworld.com/download/142
NoSunshineBillWithers: http://www.midiworld.com/download/143
thetwoofusBillWithers: http://www.midiworld.com/download/144
onMeBillWithers: http://www.midiworld.com/download/145
TheRainBillieMyers: http://www.midiworld.com/download/146
BillyJoel: http://www.midiworld.com/download/158
ShotBillyJoel: http://www.midiworld.com/download/148
SaigonBillyJoel: http://www.midiworld.com/download/149
StillRockandRolltoMeBillyJoel: http://www.midiworld.com/download/151
theWayYouAreBillyJoel: http://www.midiworld.com/download/152
OutBillyJoel: http://www.midiworld.com/download/153
LifeBillyJoel: http://www.midiworld.com/download/154
YorkStateofMindBillyJoel: http://www.midiworld.com/download/155
theGoodDieYoungBillyJoel: http://www.midiworld.com/download/156
ManBillyJoel: http://www.midiworld.com/download/157
ofDreamsBillyJoel: http://www.midiworld.com/download/159
fromanItalianRestaurantBillyJoel: http://www.midiworld.com/download/160
AlwaysaWomantoMeBillyJoel: http://www.midiworld.com/download/161
GotaWayBillyJoel: http://www.midiworld.com/download/162
HerAboutItBillyJoel: http://www.midiworld.com/download/163
LongestTimeBillyJoel: http://www.midiworld.com/download/164
StrangerBillyJoel: http://www.midiworld.com/download/165
GirlBillyJoel: http://www.midiworld.com/download/166
MayBeRightBillyJoel: http://www.midiworld.com/download/167
Bjork: http://www.midiworld.com/download/171
BehaviorBjork: http://www.midiworld.com/download/169
BalladBjork: http://www.midiworld.com/download/170
SoQuietBjork: http://www.midiworld.com/download/172
AsABoyBjork: http://www.midiworld.com/download/173
DiggityBlackstreet: http://www.midiworld.com/download/174
MeThereBlackstreet: http://www.midiworld.com/download/175
ItAllToMeBlaque: http://www.midiworld.com/download/176
LeonardoBlessedUnionOfSouls: http://www.midiworld.com/download/177
BelieveBlessedUnionOfSouls: http://www.midiworld.com/download/178
WhenIDieBloodSweat&amp;Tears: http://www.midiworld.com/download/179
CantQuitHerBloodSweat&amp;Tears: http://www.midiworld.com/download/180
WheelBloodSweat&amp;Tears: http://www.midiworld.com/download/181
MadeMeSoVeryHappyBloodSweat&amp;Tears: http://www.midiworld.com/download/182
WaterBurnBloodhoundGang: http://www.midiworld.com/download/183
BadTouchBloodhoundGang: http://www.midiworld.com/download/184
BadTouchEiffelMixBloodhoundGang: http://www.midiworld.com/download/185
ManBlur: http://www.midiworld.com/download/186
HouseBlur: http://www.midiworld.com/download/187
SongBlur: http://www.midiworld.com/download/188
BoysBlur: http://www.midiworld.com/download/189
Blur: http://www.midiworld.com/download/190
Blur: http://www.midiworld.com/download/191
WorryBeHappyBobbyMcFerrin: http://www.midiworld.com/download/192
VelvetBobbyVinton: http://www.midiworld.com/download/193
WannaLetYouGoive: http://www.midiworld.com/download/14
YaGettinDownive: http://www.midiworld.com/download/15
OnMovingive: http://www.midiworld.com/download/16
DunkDaFunkive: http://www.midiworld.com/download/17
TheTimeIsThroughive: http://www.midiworld.com/download/18
GotTheFeelinive: http://www.midiworld.com/download/19
MyGirlsAt: http://www.midiworld.com/download/20
DoCherishYouDegrees: http://www.midiworld.com/download/21
HardestThingDegrees: http://www.midiworld.com/download/22
MiaATeens: http://www.midiworld.com/download/23
TrouperATeens: http://www.midiworld.com/download/24
YouThatSomebodyAaliyah: http://www.midiworld.com/download/25
AgainAaliyah: http://www.midiworld.com/download/26
ABBA: http://www.midiworld.com/download/40
QueenABBA: http://www.midiworld.com/download/29
GimmeGimmeABBA: http://www.midiworld.com/download/31
MeKnowingYouABBA: http://www.midiworld.com/download/32
MoneyMoneyABBA: http://www.midiworld.com/download/33
oftheGameABBA: http://www.midiworld.com/download/34
TrouperABBA: http://www.midiworld.com/download/36
AChanceOnMeABBA: http://www.midiworld.com/download/37
YoufortheMusicABBA: http://www.midiworld.com/download/38
WinnerTakesItAllABBA: http://www.midiworld.com/download/39
ThatSheWantsAceofBase: http://www.midiworld.com/download/41
HaveAlwaysWillAceofBase: http://www.midiworld.com/download/42
LifeAceofBase: http://www.midiworld.com/download/43
TurnAroundAceofBase: http://www.midiworld.com/download/44
SignAceofBase: http://www.midiworld.com/download/45
AngelAlanODay: http://www.midiworld.com/download/46
VelvetAlannahMyles: http://www.midiworld.com/download/47
SwearAllOne: http://www.midiworld.com/download/48
CallAllSaints: http://www.midiworld.com/download/49
KnowWhereItsAtAllSaints: http://www.midiworld.com/download/50
MarmeladeAllSaints: http://www.midiworld.com/download/51
EverAllSaints: http://www.midiworld.com/download/52
MuddahHelloFadduhAllanSherman: http://www.midiworld.com/download/53
CriedOutAllure: http://www.midiworld.com/download/54
ChristSuperstarAndrewLloydWebber: http://www.midiworld.com/download/55
oftheOperaAndrewLloydWebber: http://www.midiworld.com/download/56
AnneMurray: http://www.midiworld.com/download/57
NeededMeAnneMurray: http://www.midiworld.com/download/58
MeAnotherLevel: http://www.midiworld.com/download/59
WantYouForMyselfAnotherLevel: http://www.midiworld.com/download/60
GirlAqua: http://www.midiworld.com/download/61
CandyManAqua: http://www.midiworld.com/download/62
OhMyAqua: http://www.midiworld.com/download/63
CadillacArethaFranklin: http://www.midiworld.com/download/64
Traceback (most recent call last):
  File "/home/cipher000/anaconda3/lib/python3.6/urllib/request.py", line 1318, in do_open
    encode_chunked=req.has_header('Transfer-encoding'))
  File "/home/cipher000/anaconda3/lib/python3.6/http/client.py", line 1239, in request
    self._send_request(method, url, body, headers, encode_chunked)
  File "/home/cipher000/anaconda3/lib/python3.6/http/client.py", line 1285, in _send_request
    self.endheaders(body, encode_chunked=encode_chunked)
  File "/home/cipher000/anaconda3/lib/python3.6/http/client.py", line 1234, in endheaders
    self._send_output(message_body, encode_chunked=encode_chunked)
  File "/home/cipher000/anaconda3/lib/python3.6/http/client.py", line 1026, in _send_output
    self.send(msg)
  File "/home/cipher000/anaconda3/lib/python3.6/http/client.py", line 964, in send
    self.connect()
  File "/home/cipher000/anaconda3/lib/python3.6/http/client.py", line 936, in connect
    (self.host,self.port), self.timeout, self.source_address)
  File "/home/cipher000/anaconda3/lib/python3.6/socket.py", line 724, in create_connection
    raise err
  File "/home/cipher000/anaconda3/lib/python3.6/socket.py", line 713, in create_connection
    sock.connect(sa)
TimeoutError: [Errno 110] Connection timed out

During handling of the above exception, another exception occurred:

Traceback (most recent call last):
  File "download_midis.py", line 66, in <module>
    midi_dict = download_midis(start_page, end_page, base_url, end_url, abs_filepath)
  File "download_midis.py", line 60, in download_midis
    urllib.request.urlretrieve (v, filepath)
  File "/home/cipher000/anaconda3/lib/python3.6/urllib/request.py", line 248, in urlretrieve
    with contextlib.closing(urlopen(url, data)) as fp:
  File "/home/cipher000/anaconda3/lib/python3.6/urllib/request.py", line 223, in urlopen
    return opener.open(url, data, timeout)
  File "/home/cipher000/anaconda3/lib/python3.6/urllib/request.py", line 526, in open
    response = self._open(req, data)
  File "/home/cipher000/anaconda3/lib/python3.6/urllib/request.py", line 544, in _open
    '_open', req)
  File "/home/cipher000/anaconda3/lib/python3.6/urllib/request.py", line 504, in _call_chain
    result = func(*args)
  File "/home/cipher000/anaconda3/lib/python3.6/urllib/request.py", line 1346, in http_open
    return self.do_open(http.client.HTTPConnection, req)
  File "/home/cipher000/anaconda3/lib/python3.6/urllib/request.py", line 1320, in do_open
    raise URLError(err)
urllib.error.URLError: <urlopen error [Errno 110] Connection timed out>
