Terminal output being saved at output/201803280915-Tadpole-60-100-terminal.log

**Loading Midi files**
../../data/Music/Tadpole/CelticMidis/ADEN.MID
Loaded 1 midi files 472 notes and 7 unique notes
Input notes/chords stored as <class 'list'> then pickled at output/201803280915-Tadpole-60-100-input_notes
First 20 notes/chords: ['E5', 'F#5', 'G5', 'F#5', 'E5', 'D5', 'F#5', 'A4', 'D5', 'C#5', 'E5', 'A4', 'E5', 'F#5', 'A4', 'D5', 'E5', 'F#5', 'G5', 'F#5']

**Preparing sequences for training**
Pitchnames (unique notes/chords from 'notes') at length 7: ['A4', 'A5', 'C#5', 'D5', 'E5', 'F#5', 'G5']
Note to integer embedding created at length 7
Network input and output created with (pre-transform) lengths 372 and 372
Network input and output first list items: [4, 5, 6, 5, 4, 3, 5, 0, 3, 2, 4, 0, 4, 5, 0, 3, 4, 5, 6, 5, 4, 3, 5, 0, 3, 2, 4, 0, 5, 4, 3, 3, 4, 5, 6, 5, 4, 3, 5, 0, 3, 2, 4, 0, 4, 5, 0, 3, 4, 5, 6, 5, 4, 3, 5, 0, 3, 2, 4, 0, 5, 4, 3, 3, 5, 6, 1, 5, 3, 5, 4, 5, 0, 4, 5, 6, 4, 2, 4, 3, 5, 0, 5, 6, 1, 5, 3, 5, 4, 5, 0, 4, 5, 6, 4, 2, 4, 3, 3, 5] and 6
Network input list item length: 100
Lengths. N Vocab: 7 N Patterns: 372 Pitchnames: 7

**Reshaping for training**
Reshaping network input to (notes - sequence length, sequence length) (372, 100, 1)
Reshaping network output to (notes - sequence length, unique notes) (372, 7)

**LSTM model initializing**
Input nodes: 512 Dropout: 0.3
Input shape (timesteps, data_dim): (100,1)
LSTM model initialized for TRAINING - model being generated (no weights file)
Fitting Model. 
Network Input Shape: (372, 100, 1) Network Output Shape: (372, 7)
Epochs: 60 Batch Size: 512
Train on 334 samples, validate on 38 samples
Epoch 1/60

334/334 [==============================] - 16s 48ms/step - loss: 1.9642 - val_loss: 5.9058
Epoch 2/60

334/334 [==============================] - 19s 58ms/step - loss: 5.6321 - val_loss: 1.9836
Epoch 3/60
