Terminal output being saved at output/201803280927-100-terminal.log

**Preparing sequences for training**
Pitchnames (unique notes/chords from 'notes') at length 7: ['A4', 'A5', 'C#5', 'D5', 'E5', 'F#5', 'G5']
Note to integer embedding created at length 7
Network input and output created with (pre-transform) lengths 372 and 372
Network input and output first list items: [4, 5, 6, 5, 4, 3, 5, 0, 3, 2, 4, 0, 4, 5, 0, 3, 4, 5, 6, 5, 4, 3, 5, 0, 3, 2, 4, 0, 5, 4, 3, 3, 4, 5, 6, 5, 4, 3, 5, 0, 3, 2, 4, 0, 4, 5, 0, 3, 4, 5, 6, 5, 4, 3, 5, 0, 3, 2, 4, 0, 5, 4, 3, 3, 5, 6, 1, 5, 3, 5, 4, 5, 0, 4, 5, 6, 4, 2, 4, 3, 5, 0, 5, 6, 1, 5, 3, 5, 4, 5, 0, 4, 5, 6, 4, 2, 4, 3, 3, 5] and 6
Network input list item length: 100
Lengths. N Vocab: 7 N Patterns: 372 Pitchnames: 7

**Preparing sequences for output**
Network Input of length 372 is reshaped to normalized input of (372, 100, 1)

**LSTM model initializing**
Input nodes: 512 Dropout: 0.3
Input shape (timesteps, data_dim): (100,1)
LSTM modelinitialized for midi CREATION with model from output/weight_check-01-1.9531-6.5756.hdf5

**Generating notes**
Integer to note conversion at length: 7
Pattern begins with length 100 and type <class 'list'>
Pattern: [5, 6, 1, 5, 3, 5, 1, 5, 3, 5, 4, 5, 0, 4, 5, 6, 4, 2, 4, 6, 4, 2, 4, 3, 3, 4, 5, 6, 5, 4, 3, 5, 0, 3, 2, 4, 0, 4, 5, 0, 3, 4, 5, 6, 5, 4, 3, 5, 0, 3, 2, 4, 0, 5, 4, 3, 3, 4, 5, 6, 5, 4, 3, 5, 0, 3, 2, 4, 0, 4, 5, 0, 3, 4, 5, 6, 5, 4, 3, 5, 0, 3, 2, 4, 0, 5, 4, 3, 3, 5, 6, 1, 5, 3, 5, 4, 5, 0, 4, 5]
Pattern ends with length 100 and type <class 'list'>
Generated Note Length: 500
First 100: ['F#5', 'F#5', 'F#5', 'F#5', 'F#5', 'F#5', 'F#5', 'F#5', 'F#5', 'F#5', 'F#5', 'F#5', 'F#5', 'F#5', 'F#5', 'F#5', 'F#5', 'F#5', 'F#5', 'F#5', 'F#5', 'F#5', 'F#5', 'F#5', 'F#5', 'F#5', 'F#5', 'F#5', 'F#5', 'F#5', 'F#5', 'F#5', 'F#5', 'F#5', 'F#5', 'F#5', 'F#5', 'F#5', 'F#5', 'F#5', 'F#5', 'F#5', 'F#5', 'F#5', 'F#5', 'F#5', 'F#5', 'F#5', 'F#5', 'F#5', 'F#5', 'F#5', 'F#5', 'F#5', 'F#5', 'F#5', 'F#5', 'F#5', 'F#5', 'F#5', 'F#5', 'F#5', 'F#5', 'F#5', 'F#5', 'F#5', 'F#5', 'F#5', 'F#5', 'F#5', 'F#5', 'F#5', 'F#5', 'F#5', 'F#5', 'F#5', 'F#5', 'F#5', 'F#5', 'F#5', 'F#5', 'F#5', 'F#5', 'F#5', 'F#5', 'F#5', 'F#5', 'F#5', 'F#5', 'F#5', 'F#5', 'F#5', 'F#5', 'F#5', 'F#5', 'F#5', 'F#5', 'F#5', 'F#5', 'F#5']

**Creating midi**
Generating 500 notes stored as <class 'list'>
Midi saved at: output/201803280927-100-lstm_midi.mid
Output notes/chords stored as <class 'list'> then pickled at output/201803280927-100-output_notes
Run Complete. Terminal log saved at output/201803280927-100-terminal.log
